<?xml version="1.0" encoding="UTF-8"?>
<!-- Generated by org.testng.reporters.JUnitReportReporter -->
<testsuite hostname="DESKTOP-VJUS6DI" failures="0" tests="1" name="testCases.TestCase1" time="17.306" errors="0" timestamp="2023-11-22T11:13:01 IST" skipped="0">
  <testcase classname="testCases.TestCase1" name="registerUser" time="17.306"/>
</testsuite> <!-- testCases.TestCase1 -->
