<?xml version="1.0" encoding="UTF-8"?>
<!-- Generated by org.testng.reporters.JUnitReportReporter -->
<testsuite hostname="DESKTOP-VJUS6DI" failures="0" tests="1" name="testCases.TestCase10" time="5.974" errors="0" timestamp="2023-11-22T10:56:49 IST" skipped="0">
  <testcase classname="testCases.TestCase10" name="verifySubscriptionOnHomePage" time="5.974"/>
</testsuite> <!-- testCases.TestCase10 -->
